2003.11.06 15:09 B C:\Program Files\WebCopier\Download\Mattrad_Geo\mattrad267\ozdiary\030598.html --> ftp.plus.net /htdocs/test/matt/mattrad267/ozdiary 030598.html
2003.11.06 15:09 B C:\Program Files\WebCopier\Download\Mattrad_Geo\mattrad267\ozdiary\040698.html --> ftp.plus.net /htdocs/test/matt/mattrad267/ozdiary 040698.html
2003.11.06 15:09 B C:\Program Files\WebCopier\Download\Mattrad_Geo\mattrad267\ozdiary\060398.html --> ftp.plus.net /htdocs/test/matt/mattrad267/ozdiary 060398.html
2003.11.06 15:09 B C:\Program Files\WebCopier\Download\Mattrad_Geo\mattrad267\ozdiary\070498.html --> ftp.plus.net /htdocs/test/matt/mattrad267/ozdiary 070498.html
2003.11.06 15:09 B C:\Program Files\WebCopier\Download\Mattrad_Geo\mattrad267\ozdiary\070598.html --> ftp.plus.net /htdocs/test/matt/mattrad267/ozdiary 070598.html
2003.11.06 15:09 B C:\Program Files\WebCopier\Download\Mattrad_Geo\mattrad267\ozdiary\070698.html --> ftp.plus.net /htdocs/test/matt/mattrad267/ozdiary 070698.html
2003.11.06 15:09 B C:\Program Files\WebCopier\Download\Mattrad_Geo\mattrad267\ozdiary\090398.html --> ftp.plus.net /htdocs/test/matt/mattrad267/ozdiary 090398.html
2003.11.06 15:09 B C:\Program Files\WebCopier\Download\Mattrad_Geo\mattrad267\ozdiary\090498.html --> ftp.plus.net /htdocs/test/matt/mattrad267/ozdiary 090498.html
2003.11.06 15:09 B C:\Program Files\WebCopier\Download\Mattrad_Geo\mattrad267\ozdiary\100398.html --> ftp.plus.net /htdocs/test/matt/mattrad267/ozdiary 100398.html
2003.11.06 15:09 B C:\Program Files\WebCopier\Download\Mattrad_Geo\mattrad267\ozdiary\100498.html --> ftp.plus.net /htdocs/test/matt/mattrad267/ozdiary 100498.html
2003.11.06 15:09 B C:\Program Files\WebCopier\Download\Mattrad_Geo\mattrad267\ozdiary\100698.html --> ftp.plus.net /htdocs/test/matt/mattrad267/ozdiary 100698.html
2003.11.06 15:09 B C:\Program Files\WebCopier\Download\Mattrad_Geo\mattrad267\ozdiary\120398.html --> ftp.plus.net /htdocs/test/matt/mattrad267/ozdiary 120398.html
2003.11.06 15:09 B C:\Program Files\WebCopier\Download\Mattrad_Geo\mattrad267\ozdiary\130398.html --> ftp.plus.net /htdocs/test/matt/mattrad267/ozdiary 130398.html
2003.11.06 15:09 B C:\Program Files\WebCopier\Download\Mattrad_Geo\mattrad267\ozdiary\130598.html --> ftp.plus.net /htdocs/test/matt/mattrad267/ozdiary 130598.html
2003.11.06 15:09 B C:\Program Files\WebCopier\Download\Mattrad_Geo\mattrad267\ozdiary\140598.html --> ftp.plus.net /htdocs/test/matt/mattrad267/ozdiary 140598.html
2003.11.06 15:09 B C:\Program Files\WebCopier\Download\Mattrad_Geo\mattrad267\ozdiary\150498.html --> ftp.plus.net /htdocs/test/matt/mattrad267/ozdiary 150498.html
2003.11.06 15:09 B C:\Program Files\WebCopier\Download\Mattrad_Geo\mattrad267\ozdiary\150698.html --> ftp.plus.net /htdocs/test/matt/mattrad267/ozdiary 150698.html
2003.11.06 15:09 B C:\Program Files\WebCopier\Download\Mattrad_Geo\mattrad267\ozdiary\160498.html --> ftp.plus.net /htdocs/test/matt/mattrad267/ozdiary 160498.html
2003.11.06 15:09 B C:\Program Files\WebCopier\Download\Mattrad_Geo\mattrad267\ozdiary\170598.html --> ftp.plus.net /htdocs/test/matt/mattrad267/ozdiary 170598.html
2003.11.06 15:09 B C:\Program Files\WebCopier\Download\Mattrad_Geo\mattrad267\ozdiary\180398.html --> ftp.plus.net /htdocs/test/matt/mattrad267/ozdiary 180398.html
2003.11.06 15:09 B C:\Program Files\WebCopier\Download\Mattrad_Geo\mattrad267\ozdiary\180498.html --> ftp.plus.net /htdocs/test/matt/mattrad267/ozdiary 180498.html
2003.11.06 15:09 B C:\Program Files\WebCopier\Download\Mattrad_Geo\mattrad267\ozdiary\190398.html --> ftp.plus.net /htdocs/test/matt/mattrad267/ozdiary 190398.html
2003.11.06 15:09 B C:\Program Files\WebCopier\Download\Mattrad_Geo\mattrad267\ozdiary\200398.html --> ftp.plus.net /htdocs/test/matt/mattrad267/ozdiary 200398.html
2003.11.06 15:09 B C:\Program Files\WebCopier\Download\Mattrad_Geo\mattrad267\ozdiary\210398.html --> ftp.plus.net /htdocs/test/matt/mattrad267/ozdiary 210398.html
2003.11.06 15:09 B C:\Program Files\WebCopier\Download\Mattrad_Geo\mattrad267\ozdiary\220398.html --> ftp.plus.net /htdocs/test/matt/mattrad267/ozdiary 220398.html
2003.11.06 15:09 B C:\Program Files\WebCopier\Download\Mattrad_Geo\mattrad267\ozdiary\220498.html --> ftp.plus.net /htdocs/test/matt/mattrad267/ozdiary 220498.html
2003.11.06 15:09 B C:\Program Files\WebCopier\Download\Mattrad_Geo\mattrad267\ozdiary\230398.html --> ftp.plus.net /htdocs/test/matt/mattrad267/ozdiary 230398.html
2003.11.06 15:09 B C:\Program Files\WebCopier\Download\Mattrad_Geo\mattrad267\ozdiary\240398.html --> ftp.plus.net /htdocs/test/matt/mattrad267/ozdiary 240398.html
2003.11.06 15:09 B C:\Program Files\WebCopier\Download\Mattrad_Geo\mattrad267\ozdiary\240498.html --> ftp.plus.net /htdocs/test/matt/mattrad267/ozdiary 240498.html
2003.11.06 15:09 B C:\Program Files\WebCopier\Download\Mattrad_Geo\mattrad267\ozdiary\250498.html --> ftp.plus.net /htdocs/test/matt/mattrad267/ozdiary 250498.html
2003.11.06 15:09 B C:\Program Files\WebCopier\Download\Mattrad_Geo\mattrad267\ozdiary\250598.html --> ftp.plus.net /htdocs/test/matt/mattrad267/ozdiary 250598.html
2003.11.06 15:09 B C:\Program Files\WebCopier\Download\Mattrad_Geo\mattrad267\ozdiary\260598.html --> ftp.plus.net /htdocs/test/matt/mattrad267/ozdiary 260598.html
2003.11.06 15:09 B C:\Program Files\WebCopier\Download\Mattrad_Geo\mattrad267\ozdiary\290398.html --> ftp.plus.net /htdocs/test/matt/mattrad267/ozdiary 290398.html
2003.11.06 15:09 B C:\Program Files\WebCopier\Download\Mattrad_Geo\mattrad267\ozdiary\290498.html --> ftp.plus.net /htdocs/test/matt/mattrad267/ozdiary 290498.html
2003.11.06 15:09 B C:\Program Files\WebCopier\Download\Mattrad_Geo\mattrad267\ozdiary\310398.html --> ftp.plus.net /htdocs/test/matt/mattrad267/ozdiary 310398.html
2003.11.06 15:09 B C:\Program Files\WebCopier\Download\Mattrad_Geo\mattrad267\ozdiary\310598.html --> ftp.plus.net /htdocs/test/matt/mattrad267/ozdiary 310598.html
2003.11.06 15:09 B C:\Program Files\WebCopier\Download\Mattrad_Geo\mattrad267\ozdiary\d_010798.html --> ftp.plus.net /htdocs/test/matt/mattrad267/ozdiary d_010798.html
2003.11.06 15:09 B C:\Program Files\WebCopier\Download\Mattrad_Geo\mattrad267\ozdiary\d_010898.html --> ftp.plus.net /htdocs/test/matt/mattrad267/ozdiary d_010898.html
2003.11.06 15:09 B C:\Program Files\WebCopier\Download\Mattrad_Geo\mattrad267\ozdiary\d_030898.html --> ftp.plus.net /htdocs/test/matt/mattrad267/ozdiary d_030898.html
2003.11.06 15:09 B C:\Program Files\WebCopier\Download\Mattrad_Geo\mattrad267\ozdiary\d_040798.html --> ftp.plus.net /htdocs/test/matt/mattrad267/ozdiary d_040798.html
2003.11.06 15:09 B C:\Program Files\WebCopier\Download\Mattrad_Geo\mattrad267\ozdiary\d_060798.html --> ftp.plus.net /htdocs/test/matt/mattrad267/ozdiary d_060798.html
2003.11.06 15:09 B C:\Program Files\WebCopier\Download\Mattrad_Geo\mattrad267\ozdiary\d_070898.html --> ftp.plus.net /htdocs/test/matt/mattrad267/ozdiary d_070898.html
2003.11.06 15:09 B C:\Program Files\WebCopier\Download\Mattrad_Geo\mattrad267\ozdiary\d_080898.html --> ftp.plus.net /htdocs/test/matt/mattrad267/ozdiary d_080898.html
2003.11.06 15:09 B C:\Program Files\WebCopier\Download\Mattrad_Geo\mattrad267\ozdiary\d_090798.html --> ftp.plus.net /htdocs/test/matt/mattrad267/ozdiary d_090798.html
2003.11.06 15:09 B C:\Program Files\WebCopier\Download\Mattrad_Geo\mattrad267\ozdiary\d_090898.html --> ftp.plus.net /htdocs/test/matt/mattrad267/ozdiary d_090898.html
2003.11.06 15:09 B C:\Program Files\WebCopier\Download\Mattrad_Geo\mattrad267\ozdiary\d_130798.html --> ftp.plus.net /htdocs/test/matt/mattrad267/ozdiary d_130798.html
2003.11.06 15:09 B C:\Program Files\WebCopier\Download\Mattrad_Geo\mattrad267\ozdiary\d_150798.html --> ftp.plus.net /htdocs/test/matt/mattrad267/ozdiary d_150798.html
2003.11.06 15:09 B C:\Program Files\WebCopier\Download\Mattrad_Geo\mattrad267\ozdiary\d_160698.html --> ftp.plus.net /htdocs/test/matt/mattrad267/ozdiary d_160698.html
2003.11.06 15:09 B C:\Program Files\WebCopier\Download\Mattrad_Geo\mattrad267\ozdiary\d_170698.html --> ftp.plus.net /htdocs/test/matt/mattrad267/ozdiary d_170698.html
2003.11.06 15:09 B C:\Program Files\WebCopier\Download\Mattrad_Geo\mattrad267\ozdiary\d_170798.html --> ftp.plus.net /htdocs/test/matt/mattrad267/ozdiary d_170798.html
2003.11.06 15:09 B C:\Program Files\WebCopier\Download\Mattrad_Geo\mattrad267\ozdiary\d_180698.html --> ftp.plus.net /htdocs/test/matt/mattrad267/ozdiary d_180698.html
2003.11.06 15:09 B C:\Program Files\WebCopier\Download\Mattrad_Geo\mattrad267\ozdiary\d_210798.html --> ftp.plus.net /htdocs/test/matt/mattrad267/ozdiary d_210798.html
2003.11.06 15:09 B C:\Program Files\WebCopier\Download\Mattrad_Geo\mattrad267\ozdiary\d_230698.html --> ftp.plus.net /htdocs/test/matt/mattrad267/ozdiary d_230698.html
2003.11.06 15:09 B C:\Program Files\WebCopier\Download\Mattrad_Geo\mattrad267\ozdiary\d_240798.html --> ftp.plus.net /htdocs/test/matt/mattrad267/ozdiary d_240798.html
2003.11.06 15:09 B C:\Program Files\WebCopier\Download\Mattrad_Geo\mattrad267\ozdiary\d_260698.html --> ftp.plus.net /htdocs/test/matt/mattrad267/ozdiary d_260698.html
2003.11.06 15:09 B C:\Program Files\WebCopier\Download\Mattrad_Geo\mattrad267\ozdiary\d_270798.html --> ftp.plus.net /htdocs/test/matt/mattrad267/ozdiary d_270798.html
2003.11.06 15:09 B C:\Program Files\WebCopier\Download\Mattrad_Geo\mattrad267\ozdiary\d_300698.html --> ftp.plus.net /htdocs/test/matt/mattrad267/ozdiary d_300698.html
2003.11.06 15:09 B C:\Program Files\WebCopier\Download\Mattrad_Geo\mattrad267\ozdiary\d_300798.html --> ftp.plus.net /htdocs/test/matt/mattrad267/ozdiary d_300798.html
2003.11.06 15:09 B C:\Program Files\WebCopier\Download\Mattrad_Geo\mattrad267\ozdiary\gallery.html --> ftp.plus.net /htdocs/test/matt/mattrad267/ozdiary gallery.html
2003.11.06 15:09 B C:\Program Files\WebCopier\Download\Mattrad_Geo\mattrad267\ozdiary\gday.jpg --> ftp.plus.net /htdocs/test/matt/mattrad267/ozdiary gday.jpg
2003.11.06 15:09 B C:\Program Files\WebCopier\Download\Mattrad_Geo\mattrad267\ozdiary\index.html --> ftp.plus.net /htdocs/test/matt/mattrad267/ozdiary index.html
2003.11.06 15:09 B C:\Program Files\WebCopier\Download\Mattrad_Geo\mattrad267\ozdiary\links.html --> ftp.plus.net /htdocs/test/matt/mattrad267/ozdiary links.html
2003.11.06 15:09 B C:\Program Files\WebCopier\Download\Mattrad_Geo\mattrad267\ozdiary\ozmap2.jpg --> ftp.plus.net /htdocs/test/matt/mattrad267/ozdiary ozmap2.jpg
2003.11.06 15:09 B C:\Program Files\WebCopier\Download\Mattrad_Geo\mattrad267\ozdiary\photo1.html --> ftp.plus.net /htdocs/test/matt/mattrad267/ozdiary photo1.html
2003.11.06 15:09 B C:\Program Files\WebCopier\Download\Mattrad_Geo\mattrad267\ozdiary\photo2.html --> ftp.plus.net /htdocs/test/matt/mattrad267/ozdiary photo2.html
2003.11.06 15:09 B C:\Program Files\WebCopier\Download\Mattrad_Geo\mattrad267\ozdiary\photo3.html --> ftp.plus.net /htdocs/test/matt/mattrad267/ozdiary photo3.html
2003.11.06 15:09 B C:\Program Files\WebCopier\Download\Mattrad_Geo\mattrad267\ozdiary\photo4.html --> ftp.plus.net /htdocs/test/matt/mattrad267/ozdiary photo4.html
2003.11.06 15:09 B C:\Program Files\WebCopier\Download\Mattrad_Geo\mattrad267\ozdiary\photo5.html --> ftp.plus.net /htdocs/test/matt/mattrad267/ozdiary photo5.html
2003.11.06 15:09 B C:\Program Files\WebCopier\Download\Mattrad_Geo\mattrad267\ozdiary\photo6.html --> ftp.plus.net /htdocs/test/matt/mattrad267/ozdiary photo6.html
2003.11.06 15:09 B C:\Program Files\WebCopier\Download\Mattrad_Geo\mattrad267\ozdiary\photo7.html --> ftp.plus.net /htdocs/test/matt/mattrad267/ozdiary photo7.html
2003.11.06 15:09 B C:\Program Files\WebCopier\Download\Mattrad_Geo\mattrad267\ozdiary\prev.html --> ftp.plus.net /htdocs/test/matt/mattrad267/ozdiary prev.html
2003.11.06 15:09 B C:\Program Files\WebCopier\Download\Mattrad_Geo\mattrad267\ozdiary\yhaoz.gif --> ftp.plus.net /htdocs/test/matt/mattrad267/ozdiary yhaoz.gif
2003.11.18 16:56 B D:\MyDocuments\mattrad.co.uk\content\pages\ozdiary\030598.html --> ftp.plus.net /htdocs/test/matt/content/pages/ozdiary 030598.html
2003.11.18 16:56 B D:\MyDocuments\mattrad.co.uk\content\pages\ozdiary\040698.html --> ftp.plus.net /htdocs/test/matt/content/pages/ozdiary 040698.html
2003.11.18 16:56 B D:\MyDocuments\mattrad.co.uk\content\pages\ozdiary\060398.html --> ftp.plus.net /htdocs/test/matt/content/pages/ozdiary 060398.html
2003.11.18 16:56 B D:\MyDocuments\mattrad.co.uk\content\pages\ozdiary\070498.html --> ftp.plus.net /htdocs/test/matt/content/pages/ozdiary 070498.html
2003.11.18 16:56 B D:\MyDocuments\mattrad.co.uk\content\pages\ozdiary\070598.html --> ftp.plus.net /htdocs/test/matt/content/pages/ozdiary 070598.html
2003.11.18 16:56 B D:\MyDocuments\mattrad.co.uk\content\pages\ozdiary\070698.html --> ftp.plus.net /htdocs/test/matt/content/pages/ozdiary 070698.html
2003.11.18 16:56 B D:\MyDocuments\mattrad.co.uk\content\pages\ozdiary\090398.html --> ftp.plus.net /htdocs/test/matt/content/pages/ozdiary 090398.html
2003.11.18 16:56 B D:\MyDocuments\mattrad.co.uk\content\pages\ozdiary\090498.html --> ftp.plus.net /htdocs/test/matt/content/pages/ozdiary 090498.html
2003.11.18 16:56 B D:\MyDocuments\mattrad.co.uk\content\pages\ozdiary\100398.html --> ftp.plus.net /htdocs/test/matt/content/pages/ozdiary 100398.html
2003.11.18 16:56 B D:\MyDocuments\mattrad.co.uk\content\pages\ozdiary\100498.html --> ftp.plus.net /htdocs/test/matt/content/pages/ozdiary 100498.html
2003.11.18 16:56 B D:\MyDocuments\mattrad.co.uk\content\pages\ozdiary\100698.html --> ftp.plus.net /htdocs/test/matt/content/pages/ozdiary 100698.html
2003.11.18 16:56 B D:\MyDocuments\mattrad.co.uk\content\pages\ozdiary\120398.html --> ftp.plus.net /htdocs/test/matt/content/pages/ozdiary 120398.html
2003.11.18 16:56 B D:\MyDocuments\mattrad.co.uk\content\pages\ozdiary\130398.bak --> ftp.plus.net /htdocs/test/matt/content/pages/ozdiary 130398.bak
2003.11.18 16:56 B D:\MyDocuments\mattrad.co.uk\content\pages\ozdiary\130398.html --> ftp.plus.net /htdocs/test/matt/content/pages/ozdiary 130398.html
2003.11.18 16:56 B D:\MyDocuments\mattrad.co.uk\content\pages\ozdiary\130598.html --> ftp.plus.net /htdocs/test/matt/content/pages/ozdiary 130598.html
2003.11.18 16:56 B D:\MyDocuments\mattrad.co.uk\content\pages\ozdiary\140598.html --> ftp.plus.net /htdocs/test/matt/content/pages/ozdiary 140598.html
2003.11.18 16:56 B D:\MyDocuments\mattrad.co.uk\content\pages\ozdiary\150498.html --> ftp.plus.net /htdocs/test/matt/content/pages/ozdiary 150498.html
2003.11.18 16:56 B D:\MyDocuments\mattrad.co.uk\content\pages\ozdiary\150698.html --> ftp.plus.net /htdocs/test/matt/content/pages/ozdiary 150698.html
2003.11.18 16:56 B D:\MyDocuments\mattrad.co.uk\content\pages\ozdiary\160498.html --> ftp.plus.net /htdocs/test/matt/content/pages/ozdiary 160498.html
2003.11.18 16:56 B D:\MyDocuments\mattrad.co.uk\content\pages\ozdiary\170598.html --> ftp.plus.net /htdocs/test/matt/content/pages/ozdiary 170598.html
2003.11.18 16:56 B D:\MyDocuments\mattrad.co.uk\content\pages\ozdiary\180398.html --> ftp.plus.net /htdocs/test/matt/content/pages/ozdiary 180398.html
2003.11.18 16:56 B D:\MyDocuments\mattrad.co.uk\content\pages\ozdiary\180498.html --> ftp.plus.net /htdocs/test/matt/content/pages/ozdiary 180498.html
2003.11.18 16:56 B D:\MyDocuments\mattrad.co.uk\content\pages\ozdiary\190398.html --> ftp.plus.net /htdocs/test/matt/content/pages/ozdiary 190398.html
2003.11.18 16:56 B D:\MyDocuments\mattrad.co.uk\content\pages\ozdiary\200398.html --> ftp.plus.net /htdocs/test/matt/content/pages/ozdiary 200398.html
2003.11.18 16:56 B D:\MyDocuments\mattrad.co.uk\content\pages\ozdiary\210398.html --> ftp.plus.net /htdocs/test/matt/content/pages/ozdiary 210398.html
2003.11.18 16:56 B D:\MyDocuments\mattrad.co.uk\content\pages\ozdiary\220398.html --> ftp.plus.net /htdocs/test/matt/content/pages/ozdiary 220398.html
2003.11.18 16:56 B D:\MyDocuments\mattrad.co.uk\content\pages\ozdiary\220498.html --> ftp.plus.net /htdocs/test/matt/content/pages/ozdiary 220498.html
2003.11.18 16:56 B D:\MyDocuments\mattrad.co.uk\content\pages\ozdiary\230398.html --> ftp.plus.net /htdocs/test/matt/content/pages/ozdiary 230398.html
2003.11.18 16:56 B D:\MyDocuments\mattrad.co.uk\content\pages\ozdiary\240398.html --> ftp.plus.net /htdocs/test/matt/content/pages/ozdiary 240398.html
2003.11.18 16:56 B D:\MyDocuments\mattrad.co.uk\content\pages\ozdiary\240498.html --> ftp.plus.net /htdocs/test/matt/content/pages/ozdiary 240498.html
2003.11.18 16:56 B D:\MyDocuments\mattrad.co.uk\content\pages\ozdiary\250498.html --> ftp.plus.net /htdocs/test/matt/content/pages/ozdiary 250498.html
2003.11.18 16:56 B D:\MyDocuments\mattrad.co.uk\content\pages\ozdiary\250598.html --> ftp.plus.net /htdocs/test/matt/content/pages/ozdiary 250598.html
2003.11.18 16:56 B D:\MyDocuments\mattrad.co.uk\content\pages\ozdiary\260598.html --> ftp.plus.net /htdocs/test/matt/content/pages/ozdiary 260598.html
2003.11.18 16:56 B D:\MyDocuments\mattrad.co.uk\content\pages\ozdiary\290398.html --> ftp.plus.net /htdocs/test/matt/content/pages/ozdiary 290398.html
2003.11.18 16:56 B D:\MyDocuments\mattrad.co.uk\content\pages\ozdiary\290498.html --> ftp.plus.net /htdocs/test/matt/content/pages/ozdiary 290498.html
2003.11.18 16:56 B D:\MyDocuments\mattrad.co.uk\content\pages\ozdiary\310398.html --> ftp.plus.net /htdocs/test/matt/content/pages/ozdiary 310398.html
2003.11.18 16:56 B D:\MyDocuments\mattrad.co.uk\content\pages\ozdiary\310598.html --> ftp.plus.net /htdocs/test/matt/content/pages/ozdiary 310598.html
2003.11.18 16:56 B D:\MyDocuments\mattrad.co.uk\content\pages\ozdiary\d_010798.html --> ftp.plus.net /htdocs/test/matt/content/pages/ozdiary d_010798.html
2003.11.18 16:56 B D:\MyDocuments\mattrad.co.uk\content\pages\ozdiary\d_010898.html --> ftp.plus.net /htdocs/test/matt/content/pages/ozdiary d_010898.html
2003.11.18 16:56 B D:\MyDocuments\mattrad.co.uk\content\pages\ozdiary\d_030898.html --> ftp.plus.net /htdocs/test/matt/content/pages/ozdiary d_030898.html
2003.11.18 16:56 B D:\MyDocuments\mattrad.co.uk\content\pages\ozdiary\d_040798.html --> ftp.plus.net /htdocs/test/matt/content/pages/ozdiary d_040798.html
2003.11.18 16:56 B D:\MyDocuments\mattrad.co.uk\content\pages\ozdiary\d_060798.html --> ftp.plus.net /htdocs/test/matt/content/pages/ozdiary d_060798.html
2003.11.18 16:56 B D:\MyDocuments\mattrad.co.uk\content\pages\ozdiary\d_070898.html --> ftp.plus.net /htdocs/test/matt/content/pages/ozdiary d_070898.html
2003.11.18 16:56 B D:\MyDocuments\mattrad.co.uk\content\pages\ozdiary\d_080898.html --> ftp.plus.net /htdocs/test/matt/content/pages/ozdiary d_080898.html
2003.11.18 16:56 B D:\MyDocuments\mattrad.co.uk\content\pages\ozdiary\d_090798.html --> ftp.plus.net /htdocs/test/matt/content/pages/ozdiary d_090798.html
2003.11.18 16:56 B D:\MyDocuments\mattrad.co.uk\content\pages\ozdiary\d_090898.html --> ftp.plus.net /htdocs/test/matt/content/pages/ozdiary d_090898.html
2003.11.18 16:56 B D:\MyDocuments\mattrad.co.uk\content\pages\ozdiary\d_130798.html --> ftp.plus.net /htdocs/test/matt/content/pages/ozdiary d_130798.html
2003.11.18 16:56 B D:\MyDocuments\mattrad.co.uk\content\pages\ozdiary\d_150798.html --> ftp.plus.net /htdocs/test/matt/content/pages/ozdiary d_150798.html
2003.11.18 16:56 B D:\MyDocuments\mattrad.co.uk\content\pages\ozdiary\d_160698.html --> ftp.plus.net /htdocs/test/matt/content/pages/ozdiary d_160698.html
2003.11.18 16:56 B D:\MyDocuments\mattrad.co.uk\content\pages\ozdiary\d_170698.html --> ftp.plus.net /htdocs/test/matt/content/pages/ozdiary d_170698.html
2003.11.18 16:56 B D:\MyDocuments\mattrad.co.uk\content\pages\ozdiary\d_170798.html --> ftp.plus.net /htdocs/test/matt/content/pages/ozdiary d_170798.html
2003.11.18 16:56 B D:\MyDocuments\mattrad.co.uk\content\pages\ozdiary\d_180698.html --> ftp.plus.net /htdocs/test/matt/content/pages/ozdiary d_180698.html
2003.11.18 16:56 B D:\MyDocuments\mattrad.co.uk\content\pages\ozdiary\d_210798.html --> ftp.plus.net /htdocs/test/matt/content/pages/ozdiary d_210798.html
2003.11.18 16:56 B D:\MyDocuments\mattrad.co.uk\content\pages\ozdiary\d_230698.html --> ftp.plus.net /htdocs/test/matt/content/pages/ozdiary d_230698.html
2003.11.18 16:56 B D:\MyDocuments\mattrad.co.uk\content\pages\ozdiary\d_240798.html --> ftp.plus.net /htdocs/test/matt/content/pages/ozdiary d_240798.html
2003.11.18 16:56 B D:\MyDocuments\mattrad.co.uk\content\pages\ozdiary\d_260698.html --> ftp.plus.net /htdocs/test/matt/content/pages/ozdiary d_260698.html
2003.11.18 16:56 B D:\MyDocuments\mattrad.co.uk\content\pages\ozdiary\d_270798.html --> ftp.plus.net /htdocs/test/matt/content/pages/ozdiary d_270798.html
2003.11.18 16:56 B D:\MyDocuments\mattrad.co.uk\content\pages\ozdiary\d_300698.html --> ftp.plus.net /htdocs/test/matt/content/pages/ozdiary d_300698.html
2003.11.18 16:56 B D:\MyDocuments\mattrad.co.uk\content\pages\ozdiary\d_300798.html --> ftp.plus.net /htdocs/test/matt/content/pages/ozdiary d_300798.html
2003.11.18 16:56 B D:\MyDocuments\mattrad.co.uk\content\pages\ozdiary\gallery.html --> ftp.plus.net /htdocs/test/matt/content/pages/ozdiary gallery.html
2003.11.18 16:56 B D:\MyDocuments\mattrad.co.uk\content\pages\ozdiary\gday.jpg --> ftp.plus.net /htdocs/test/matt/content/pages/ozdiary gday.jpg
2003.11.18 16:56 B D:\MyDocuments\mattrad.co.uk\content\pages\ozdiary\index.html --> ftp.plus.net /htdocs/test/matt/content/pages/ozdiary index.html
2003.11.18 16:56 B D:\MyDocuments\mattrad.co.uk\content\pages\ozdiary\links.html --> ftp.plus.net /htdocs/test/matt/content/pages/ozdiary links.html
2003.11.18 16:56 B D:\MyDocuments\mattrad.co.uk\content\pages\ozdiary\ozmap2.jpg --> ftp.plus.net /htdocs/test/matt/content/pages/ozdiary ozmap2.jpg
2003.11.18 16:56 B D:\MyDocuments\mattrad.co.uk\content\pages\ozdiary\photo1.html --> ftp.plus.net /htdocs/test/matt/content/pages/ozdiary photo1.html
2003.11.18 16:56 B D:\MyDocuments\mattrad.co.uk\content\pages\ozdiary\photo2.html --> ftp.plus.net /htdocs/test/matt/content/pages/ozdiary photo2.html
2003.11.18 16:56 B D:\MyDocuments\mattrad.co.uk\content\pages\ozdiary\photo3.html --> ftp.plus.net /htdocs/test/matt/content/pages/ozdiary photo3.html
2003.11.18 16:56 B D:\MyDocuments\mattrad.co.uk\content\pages\ozdiary\photo4.html --> ftp.plus.net /htdocs/test/matt/content/pages/ozdiary photo4.html
2003.11.18 16:56 B D:\MyDocuments\mattrad.co.uk\content\pages\ozdiary\photo5.html --> ftp.plus.net /htdocs/test/matt/content/pages/ozdiary photo5.html
2003.11.18 16:56 B D:\MyDocuments\mattrad.co.uk\content\pages\ozdiary\photo6.html --> ftp.plus.net /htdocs/test/matt/content/pages/ozdiary photo6.html
2003.11.18 16:56 B D:\MyDocuments\mattrad.co.uk\content\pages\ozdiary\photo7.html --> ftp.plus.net /htdocs/test/matt/content/pages/ozdiary photo7.html
2003.11.18 16:56 B D:\MyDocuments\mattrad.co.uk\content\pages\ozdiary\prev.html --> ftp.plus.net /htdocs/test/matt/content/pages/ozdiary prev.html
2003.11.18 16:56 B D:\MyDocuments\mattrad.co.uk\content\pages\ozdiary\WS_FTP.LOG --> ftp.plus.net /htdocs/test/matt/content/pages/ozdiary WS_FTP.LOG
2003.11.18 16:56 B D:\MyDocuments\mattrad.co.uk\content\pages\ozdiary\yhaoz.gif --> ftp.plus.net /htdocs/test/matt/content/pages/ozdiary yhaoz.gif
2003.11.18 17:33 B D:\MyDocuments\mattrad.co.uk\content\pages\ozdiary\WS_FTP.LOG --> ftp.plus.net /htdocs/test/matt/content/pages/ozdiary WS_FTP.LOG
2003.11.19 10:42 B d:\MyDocuments\mattrad.co.uk\content\pages\ozdiary\240398.html --> ftp.plus.net /htdocs/test/matt/content/pages/ozdiary 240398.html
2003.11.19 10:42 B d:\MyDocuments\mattrad.co.uk\content\pages\ozdiary\090398.html --> ftp.plus.net /htdocs/test/matt/content/pages/ozdiary 090398.html
2003.11.19 10:42 B d:\MyDocuments\mattrad.co.uk\content\pages\ozdiary\d_060798.html --> ftp.plus.net /htdocs/test/matt/content/pages/ozdiary d_060798.html
2003.11.19 10:42 B d:\MyDocuments\mattrad.co.uk\content\pages\ozdiary\150498.html --> ftp.plus.net /htdocs/test/matt/content/pages/ozdiary 150498.html
2003.11.19 10:42 B d:\MyDocuments\mattrad.co.uk\content\pages\ozdiary\090498.html --> ftp.plus.net /htdocs/test/matt/content/pages/ozdiary 090498.html
2003.11.19 10:42 B d:\MyDocuments\mattrad.co.uk\content\pages\ozdiary\d_010798.html --> ftp.plus.net /htdocs/test/matt/content/pages/ozdiary d_010798.html
2003.11.19 10:42 B d:\MyDocuments\mattrad.co.uk\content\pages\ozdiary\220398.html --> ftp.plus.net /htdocs/test/matt/content/pages/ozdiary 220398.html
2003.11.19 10:42 B d:\MyDocuments\mattrad.co.uk\content\pages\ozdiary\060398.html --> ftp.plus.net /htdocs/test/matt/content/pages/ozdiary 060398.html
2003.11.19 10:42 B d:\MyDocuments\mattrad.co.uk\content\pages\ozdiary\index.html --> ftp.plus.net /htdocs/test/matt/content/pages/ozdiary index.html
2003.11.19 10:42 B d:\MyDocuments\mattrad.co.uk\content\pages\ozdiary\260598.html --> ftp.plus.net /htdocs/test/matt/content/pages/ozdiary 260598.html
2003.11.19 10:42 B d:\MyDocuments\mattrad.co.uk\content\pages\ozdiary\230398.html --> ftp.plus.net /htdocs/test/matt/content/pages/ozdiary 230398.html
2003.11.19 10:42 B d:\MyDocuments\mattrad.co.uk\content\pages\ozdiary\180398.html --> ftp.plus.net /htdocs/test/matt/content/pages/ozdiary 180398.html
2003.11.19 10:42 B d:\MyDocuments\mattrad.co.uk\content\pages\ozdiary\100698.html --> ftp.plus.net /htdocs/test/matt/content/pages/ozdiary 100698.html
2003.11.19 10:42 B d:\MyDocuments\mattrad.co.uk\content\pages\ozdiary\200398.html --> ftp.plus.net /htdocs/test/matt/content/pages/ozdiary 200398.html
2003.11.19 10:42 B d:\MyDocuments\mattrad.co.uk\content\pages\ozdiary\photo1.html --> ftp.plus.net /htdocs/test/matt/content/pages/ozdiary photo1.html
2003.11.19 10:42 B d:\MyDocuments\mattrad.co.uk\content\pages\ozdiary\d_180698.html --> ftp.plus.net /htdocs/test/matt/content/pages/ozdiary d_180698.html
2003.11.19 10:42 B d:\MyDocuments\mattrad.co.uk\content\pages\ozdiary\190398.html --> ftp.plus.net /htdocs/test/matt/content/pages/ozdiary 190398.html
2003.11.19 10:42 B d:\MyDocuments\mattrad.co.uk\content\pages\ozdiary\gallery.html --> ftp.plus.net /htdocs/test/matt/content/pages/ozdiary gallery.html
2003.11.19 10:42 B d:\MyDocuments\mattrad.co.uk\content\pages\ozdiary\140598.html --> ftp.plus.net /htdocs/test/matt/content/pages/ozdiary 140598.html
2003.11.19 10:42 B d:\MyDocuments\mattrad.co.uk\content\pages\ozdiary\photo6.html --> ftp.plus.net /htdocs/test/matt/content/pages/ozdiary photo6.html
2003.11.19 10:42 B d:\MyDocuments\mattrad.co.uk\content\pages\ozdiary\photo2.html --> ftp.plus.net /htdocs/test/matt/content/pages/ozdiary photo2.html
2003.11.19 10:42 B d:\MyDocuments\mattrad.co.uk\content\pages\ozdiary\d_130798.html --> ftp.plus.net /htdocs/test/matt/content/pages/ozdiary d_130798.html
2003.11.19 10:42 B d:\MyDocuments\mattrad.co.uk\content\pages\ozdiary\yhaoz.gif --> ftp.plus.net /htdocs/test/matt/content/pages/ozdiary yhaoz.gif
2003.11.19 10:42 B d:\MyDocuments\mattrad.co.uk\content\pages\ozdiary\100398.html --> ftp.plus.net /htdocs/test/matt/content/pages/ozdiary 100398.html
2003.11.19 10:42 B d:\MyDocuments\mattrad.co.uk\content\pages\ozdiary\d_080898.html --> ftp.plus.net /htdocs/test/matt/content/pages/ozdiary d_080898.html
2003.11.19 10:42 B d:\MyDocuments\mattrad.co.uk\content\pages\ozdiary\220498.html --> ftp.plus.net /htdocs/test/matt/content/pages/ozdiary 220498.html
2003.11.19 10:42 B d:\MyDocuments\mattrad.co.uk\content\pages\ozdiary\210398.html --> ftp.plus.net /htdocs/test/matt/content/pages/ozdiary 210398.html
2003.11.19 10:42 B d:\MyDocuments\mattrad.co.uk\content\pages\ozdiary\180498.html --> ftp.plus.net /htdocs/test/matt/content/pages/ozdiary 180498.html
2003.11.19 10:42 B d:\MyDocuments\mattrad.co.uk\content\pages\ozdiary\070498.html --> ftp.plus.net /htdocs/test/matt/content/pages/ozdiary 070498.html
2003.11.19 10:42 B d:\MyDocuments\mattrad.co.uk\content\pages\ozdiary\photo4.html --> ftp.plus.net /htdocs/test/matt/content/pages/ozdiary photo4.html
2003.11.19 10:42 B d:\MyDocuments\mattrad.co.uk\content\pages\ozdiary\d_150798.html --> ftp.plus.net /htdocs/test/matt/content/pages/ozdiary d_150798.html
2003.11.19 10:42 B d:\MyDocuments\mattrad.co.uk\content\pages\ozdiary\130598.html --> ftp.plus.net /htdocs/test/matt/content/pages/ozdiary 130598.html
2003.11.19 10:42 B d:\MyDocuments\mattrad.co.uk\content\pages\ozdiary\290498.html --> ftp.plus.net /htdocs/test/matt/content/pages/ozdiary 290498.html
2003.11.19 10:42 B d:\MyDocuments\mattrad.co.uk\content\pages\ozdiary\photo3.html --> ftp.plus.net /htdocs/test/matt/content/pages/ozdiary photo3.html
2003.11.19 10:42 B d:\MyDocuments\mattrad.co.uk\content\pages\ozdiary\photo5.html --> ftp.plus.net /htdocs/test/matt/content/pages/ozdiary photo5.html
2003.11.19 10:42 B d:\MyDocuments\mattrad.co.uk\content\pages\ozdiary\100498.html --> ftp.plus.net /htdocs/test/matt/content/pages/ozdiary 100498.html
2003.11.19 10:42 B d:\MyDocuments\mattrad.co.uk\content\pages\ozdiary\d_270798.html --> ftp.plus.net /htdocs/test/matt/content/pages/ozdiary d_270798.html
2003.11.19 10:42 B d:\MyDocuments\mattrad.co.uk\content\pages\ozdiary\130398.html --> ftp.plus.net /htdocs/test/matt/content/pages/ozdiary 130398.html
2003.11.19 10:42 B d:\MyDocuments\mattrad.co.uk\content\pages\ozdiary\photo7.html --> ftp.plus.net /htdocs/test/matt/content/pages/ozdiary photo7.html
2003.11.19 10:42 B d:\MyDocuments\mattrad.co.uk\content\pages\ozdiary\d_170698.html --> ftp.plus.net /htdocs/test/matt/content/pages/ozdiary d_170698.html
2003.11.19 10:42 B d:\MyDocuments\mattrad.co.uk\content\pages\ozdiary\310398.html --> ftp.plus.net /htdocs/test/matt/content/pages/ozdiary 310398.html
2003.11.19 10:42 B d:\MyDocuments\mattrad.co.uk\content\pages\ozdiary\d_030898.html --> ftp.plus.net /htdocs/test/matt/content/pages/ozdiary d_030898.html
2003.11.19 10:42 B d:\MyDocuments\mattrad.co.uk\content\pages\ozdiary\170598.html --> ftp.plus.net /htdocs/test/matt/content/pages/ozdiary 170598.html
2003.11.19 10:42 B d:\MyDocuments\mattrad.co.uk\content\pages\ozdiary\d_210798.html --> ftp.plus.net /htdocs/test/matt/content/pages/ozdiary d_210798.html
2003.11.19 10:42 B d:\MyDocuments\mattrad.co.uk\content\pages\ozdiary\d_010898.html --> ftp.plus.net /htdocs/test/matt/content/pages/ozdiary d_010898.html
2003.11.19 10:42 B d:\MyDocuments\mattrad.co.uk\content\pages\ozdiary\160498.html --> ftp.plus.net /htdocs/test/matt/content/pages/ozdiary 160498.html
2003.11.19 10:42 B d:\MyDocuments\mattrad.co.uk\content\pages\ozdiary\d_300798.html --> ftp.plus.net /htdocs/test/matt/content/pages/ozdiary d_300798.html
2003.11.19 10:42 B d:\MyDocuments\mattrad.co.uk\content\pages\ozdiary\d_160698.html --> ftp.plus.net /htdocs/test/matt/content/pages/ozdiary d_160698.html
2003.11.19 10:42 B d:\MyDocuments\mattrad.co.uk\content\pages\ozdiary\250498.html --> ftp.plus.net /htdocs/test/matt/content/pages/ozdiary 250498.html
2003.11.19 10:42 B d:\MyDocuments\mattrad.co.uk\content\pages\ozdiary\130398.bak --> ftp.plus.net /htdocs/test/matt/content/pages/ozdiary 130398.bak
2003.11.19 10:42 B d:\MyDocuments\mattrad.co.uk\content\pages\ozdiary\d_070898.html --> ftp.plus.net /htdocs/test/matt/content/pages/ozdiary d_070898.html
2003.11.19 10:42 B d:\MyDocuments\mattrad.co.uk\content\pages\ozdiary\d_240798.html --> ftp.plus.net /htdocs/test/matt/content/pages/ozdiary d_240798.html
2003.11.19 10:42 B d:\MyDocuments\mattrad.co.uk\content\pages\ozdiary\070598.html --> ftp.plus.net /htdocs/test/matt/content/pages/ozdiary 070598.html
2003.11.19 10:42 B d:\MyDocuments\mattrad.co.uk\content\pages\ozdiary\d_260698.html --> ftp.plus.net /htdocs/test/matt/content/pages/ozdiary d_260698.html
2003.11.19 10:42 B d:\MyDocuments\mattrad.co.uk\content\pages\ozdiary\links.html --> ftp.plus.net /htdocs/test/matt/content/pages/ozdiary links.html
2003.11.19 10:42 B d:\MyDocuments\mattrad.co.uk\content\pages\ozdiary\070698.html --> ftp.plus.net /htdocs/test/matt/content/pages/ozdiary 070698.html
2003.11.19 10:42 B d:\MyDocuments\mattrad.co.uk\content\pages\ozdiary\d_090898.html --> ftp.plus.net /htdocs/test/matt/content/pages/ozdiary d_090898.html
2003.11.19 10:42 B d:\MyDocuments\mattrad.co.uk\content\pages\ozdiary\120398.html --> ftp.plus.net /htdocs/test/matt/content/pages/ozdiary 120398.html
2003.11.19 10:42 B d:\MyDocuments\mattrad.co.uk\content\pages\ozdiary\150698.html --> ftp.plus.net /htdocs/test/matt/content/pages/ozdiary 150698.html
2003.11.19 10:42 B d:\MyDocuments\mattrad.co.uk\content\pages\ozdiary\d_170798.html --> ftp.plus.net /htdocs/test/matt/content/pages/ozdiary d_170798.html
2003.11.19 10:42 B d:\MyDocuments\mattrad.co.uk\content\pages\ozdiary\240498.html --> ftp.plus.net /htdocs/test/matt/content/pages/ozdiary 240498.html
2003.11.19 10:42 B d:\MyDocuments\mattrad.co.uk\content\pages\ozdiary\250598.html --> ftp.plus.net /htdocs/test/matt/content/pages/ozdiary 250598.html
2003.11.19 10:42 B d:\MyDocuments\mattrad.co.uk\content\pages\ozdiary\040698.html --> ftp.plus.net /htdocs/test/matt/content/pages/ozdiary 040698.html
2003.11.19 10:42 B d:\MyDocuments\mattrad.co.uk\content\pages\ozdiary\d_300698.html --> ftp.plus.net /htdocs/test/matt/content/pages/ozdiary d_300698.html
2003.11.19 10:42 B d:\MyDocuments\mattrad.co.uk\content\pages\ozdiary\310598.html --> ftp.plus.net /htdocs/test/matt/content/pages/ozdiary 310598.html
2003.11.19 10:42 B d:\MyDocuments\mattrad.co.uk\content\pages\ozdiary\prev.html --> ftp.plus.net /htdocs/test/matt/content/pages/ozdiary prev.html
2003.11.19 10:42 B d:\MyDocuments\mattrad.co.uk\content\pages\ozdiary\030598.html --> ftp.plus.net /htdocs/test/matt/content/pages/ozdiary 030598.html
2003.11.19 10:42 B d:\MyDocuments\mattrad.co.uk\content\pages\ozdiary\d_230698.html --> ftp.plus.net /htdocs/test/matt/content/pages/ozdiary d_230698.html
2003.11.19 10:42 B d:\MyDocuments\mattrad.co.uk\content\pages\ozdiary\d_090798.html --> ftp.plus.net /htdocs/test/matt/content/pages/ozdiary d_090798.html
2003.11.19 10:42 B d:\MyDocuments\mattrad.co.uk\content\pages\ozdiary\d_040798.html --> ftp.plus.net /htdocs/test/matt/content/pages/ozdiary d_040798.html
2003.11.19 10:42 B d:\MyDocuments\mattrad.co.uk\content\pages\ozdiary\290398.html --> ftp.plus.net /htdocs/test/matt/content/pages/ozdiary 290398.html
2003.11.19 10:42 B d:\MyDocuments\mattrad.co.uk\content\pages\ozdiary\gday.jpg --> ftp.plus.net /htdocs/test/matt/content/pages/ozdiary gday.jpg
2003.11.19 10:42 B d:\MyDocuments\mattrad.co.uk\content\pages\ozdiary\23.jpg --> ftp.plus.net /htdocs/test/matt/content/pages/ozdiary 23.jpg
2003.11.19 10:42 B d:\MyDocuments\mattrad.co.uk\content\pages\ozdiary\6.jpg --> ftp.plus.net /htdocs/test/matt/content/pages/ozdiary 6.jpg
2003.11.19 10:42 B d:\MyDocuments\mattrad.co.uk\content\pages\ozdiary\4.jpg --> ftp.plus.net /htdocs/test/matt/content/pages/ozdiary 4.jpg
2003.11.19 10:42 B d:\MyDocuments\mattrad.co.uk\content\pages\ozdiary\34.jpg --> ftp.plus.net /htdocs/test/matt/content/pages/ozdiary 34.jpg
2003.11.19 10:42 B d:\MyDocuments\mattrad.co.uk\content\pages\ozdiary\19.jpg --> ftp.plus.net /htdocs/test/matt/content/pages/ozdiary 19.jpg
2003.11.19 10:42 B d:\MyDocuments\mattrad.co.uk\content\pages\ozdiary\3.jpg --> ftp.plus.net /htdocs/test/matt/content/pages/ozdiary 3.jpg
2003.11.19 10:42 B d:\MyDocuments\mattrad.co.uk\content\pages\ozdiary\15.jpg --> ftp.plus.net /htdocs/test/matt/content/pages/ozdiary 15.jpg
2003.11.19 10:42 B d:\MyDocuments\mattrad.co.uk\content\pages\ozdiary\37.jpg --> ftp.plus.net /htdocs/test/matt/content/pages/ozdiary 37.jpg
2003.11.19 10:42 B d:\MyDocuments\mattrad.co.uk\content\pages\ozdiary\35.jpg --> ftp.plus.net /htdocs/test/matt/content/pages/ozdiary 35.jpg
2003.11.19 10:42 B d:\MyDocuments\mattrad.co.uk\content\pages\ozdiary\36.jpg --> ftp.plus.net /htdocs/test/matt/content/pages/ozdiary 36.jpg
2003.11.19 10:42 B d:\MyDocuments\mattrad.co.uk\content\pages\ozdiary\9.jpg --> ftp.plus.net /htdocs/test/matt/content/pages/ozdiary 9.jpg
2003.11.19 10:42 B d:\MyDocuments\mattrad.co.uk\content\pages\ozdiary\2.jpg --> ftp.plus.net /htdocs/test/matt/content/pages/ozdiary 2.jpg
2003.11.19 10:42 B d:\MyDocuments\mattrad.co.uk\content\pages\ozdiary\1.jpg --> ftp.plus.net /htdocs/test/matt/content/pages/ozdiary 1.jpg
2003.11.19 10:42 B d:\MyDocuments\mattrad.co.uk\content\pages\ozdiary\16.jpg --> ftp.plus.net /htdocs/test/matt/content/pages/ozdiary 16.jpg
2003.11.19 10:42 B d:\MyDocuments\mattrad.co.uk\content\pages\ozdiary\7.jpg --> ftp.plus.net /htdocs/test/matt/content/pages/ozdiary 7.jpg
2003.11.19 10:42 B d:\MyDocuments\mattrad.co.uk\content\pages\ozdiary\22.jpg --> ftp.plus.net /htdocs/test/matt/content/pages/ozdiary 22.jpg
2003.11.19 10:42 B d:\MyDocuments\mattrad.co.uk\content\pages\ozdiary\WS_FTP.LOG --> ftp.plus.net /htdocs/test/matt/content/pages/ozdiary WS_FTP.LOG
2003.11.19 10:42 B d:\MyDocuments\mattrad.co.uk\content\pages\ozdiary\20.jpg --> ftp.plus.net /htdocs/test/matt/content/pages/ozdiary 20.jpg
2003.11.19 10:42 B d:\MyDocuments\mattrad.co.uk\content\pages\ozdiary\bec.jpg --> ftp.plus.net /htdocs/test/matt/content/pages/ozdiary bec.jpg
2003.11.19 10:42 B d:\MyDocuments\mattrad.co.uk\content\pages\ozdiary\21.jpg --> ftp.plus.net /htdocs/test/matt/content/pages/ozdiary 21.jpg
2003.11.19 10:42 B d:\MyDocuments\mattrad.co.uk\content\pages\ozdiary\ozmap2.jpg --> ftp.plus.net /htdocs/test/matt/content/pages/ozdiary ozmap2.jpg
2003.11.19 10:42 B d:\MyDocuments\mattrad.co.uk\content\pages\ozdiary\8.jpg --> ftp.plus.net /htdocs/test/matt/content/pages/ozdiary 8.jpg
2003.11.19 10:42 B d:\MyDocuments\mattrad.co.uk\content\pages\ozdiary\5.jpg --> ftp.plus.net /htdocs/test/matt/content/pages/ozdiary 5.jpg
